# JRE version: Java(TM) SE Runtime Environment (8.0_112-b15) (build 1.8.0_112-b15)
# Java VM: Java HotSpot(TM) 64-Bit Server VM (25.112-b15 mixed mode linux-amd64 compressed oops)
Heap:
 PSYoungGen      total 176128K, used 154556K [0x000000076ab00000, 0x0000000777e00000, 0x00000007c0000000)
  eden space 157696K, 98% used [0x000000076ab00000,0x00000007741ef158,0x0000000774500000)
  from space 18432K, 0% used [0x0000000775100000,0x0000000775100000,0x0000000776300000)
  to   space 27648K, 0% used [0x0000000776300000,0x0000000776300000,0x0000000777e00000)
 ParOldGen       total 152064K, used 56327K [0x00000006c0000000, 0x00000006c9480000, 0x000000076ab00000)
  object space 152064K, 37% used [0x00000006c0000000,0x00000006c3701da8,0x00000006c9480000)
 Metaspace       used 93885K, capacity 101962K, committed 102144K, reserved 1138688K
  class space    used 11394K, capacity 13755K, committed 13824K, reserved 1048576K
GC Heap History (10 events):
Event: 173.406 GC heap before
{Heap before GC invocations=17 (full 3):
 PSYoungGen      total 206848K, used 206827K [0x000000076ab00000, 0x000000077ac00000, 0x00000007c0000000)
  eden space 183296K, 100% used [0x000000076ab00000,0x0000000775e00000,0x0000000775e00000)
  from space 23552K, 99% used [0x0000000775e00000,0x00000007774fae30,0x0000000777500000)
  to   space 29696K, 0% used [0x0000000778f00000,0x0000000778f00000,0x000000077ac00000)
 ParOldGen       total 107520K, used 50309K [0x00000006c0000000, 0x00000006c6900000, 0x000000076ab00000)
  object space 107520K, 46% used [0x00000006c0000000,0x00000006c3121710,0x00000006c6900000)
 Metaspace       used 86510K, capacity 94218K, committed 94464K, reserved 1130496K
  class space    used 10642K, capacity 12962K, committed 13056K, reserved 1048576K
Event: 173.422 GC heap after
Heap after GC invocations=17 (full 3):
 PSYoungGen      total 192000K, used 15005K [0x000000076ab00000, 0x0000000779e00000, 0x00000007c0000000)
  eden space 176640K, 0% used [0x000000076ab00000,0x000000076ab00000,0x0000000775780000)
  from space 15360K, 97% used [0x0000000778f00000,0x0000000779da76c0,0x0000000779e00000)
  to   space 28672K, 0% used [0x0000000776600000,0x0000000776600000,0x0000000778200000)
 ParOldGen       total 107520K, used 61202K [0x00000006c0000000, 0x00000006c6900000, 0x000000076ab00000)
  object space 107520K, 56% used [0x00000006c0000000,0x00000006c3bc4ac8,0x00000006c6900000)
 Metaspace       used 86510K, capacity 94218K, committed 94464K, reserved 1130496K
  class space    used 10642K, capacity 12962K, committed 13056K, reserved 1048576K
}
Event: 242.535 GC heap before
{Heap before GC invocations=18 (full 3):
 PSYoungGen      total 192000K, used 191645K [0x000000076ab00000, 0x0000000779e00000, 0x00000007c0000000)
  eden space 176640K, 100% used [0x000000076ab00000,0x0000000775780000,0x0000000775780000)
  from space 15360K, 97% used [0x0000000778f00000,0x0000000779da76c0,0x0000000779e00000)
  to   space 28672K, 0% used [0x0000000776600000,0x0000000776600000,0x0000000778200000)
 ParOldGen       total 107520K, used 61202K [0x00000006c0000000, 0x00000006c6900000, 0x000000076ab00000)
  object space 107520K, 56% used [0x00000006c0000000,0x00000006c3bc4ac8,0x00000006c6900000)
 Metaspace       used 88143K, capacity 96006K, committed 96128K, reserved 1132544K
  class space    used 10803K, capacity 13100K, committed 13184K, reserved 1048576K
Event: 242.544 GC heap after
Heap after GC invocations=18 (full 3):
 PSYoungGen      total 187904K, used 17596K [0x000000076ab00000, 0x0000000778f80000, 0x00000007c0000000)
  eden space 169984K, 0% used [0x000000076ab00000,0x000000076ab00000,0x0000000775100000)
  from space 17920K, 98% used [0x0000000776600000,0x000000077772f198,0x0000000777780000)
  to   space 24576K, 0% used [0x0000000777780000,0x0000000777780000,0x0000000778f80000)
 ParOldGen       total 107520K, used 61210K [0x00000006c0000000, 0x00000006c6900000, 0x000000076ab00000)
  object space 107520K, 56% used [0x00000006c0000000,0x00000006c3bc6ac8,0x00000006c6900000)
 Metaspace       used 88143K, capacity 96006K, committed 96128K, reserved 1132544K
  class space    used 10803K, capacity 13100K, committed 13184K, reserved 1048576K
}
Event: 389.116 GC heap before
{Heap before GC invocations=19 (full 3):
 PSYoungGen      total 187904K, used 187580K [0x000000076ab00000, 0x0000000778f80000, 0x00000007c0000000)
  eden space 169984K, 100% used [0x000000076ab00000,0x0000000775100000,0x0000000775100000)
  from space 17920K, 98% used [0x0000000776600000,0x000000077772f198,0x0000000777780000)
  to   space 24576K, 0% used [0x0000000777780000,0x0000000777780000,0x0000000778f80000)
 ParOldGen       total 107520K, used 61210K [0x00000006c0000000, 0x00000006c6900000, 0x000000076ab00000)
  object space 107520K, 56% used [0x00000006c0000000,0x00000006c3bc6ac8,0x00000006c6900000)
 Metaspace       used 89902K, capacity 97810K, committed 98048K, reserved 1134592K
  class space    used 10914K, capacity 13212K, committed 13312K, reserved 1048576K
Event: 389.146 GC heap after
Heap after GC invocations=19 (full 3):
 PSYoungGen      total 182784K, used 18641K [0x000000076ab00000, 0x0000000778a00000, 0x00000007c0000000)
  eden space 163840K, 0% used [0x000000076ab00000,0x000000076ab00000,0x0000000774b00000)
  from space 18944K, 98% used [0x0000000777780000,0x00000007789b4518,0x0000000778a00000)
  to   space 29184K, 0% used [0x0000000775100000,0x0000000775100000,0x0000000776d80000)
 ParOldGen       total 107520K, used 61218K [0x00000006c0000000, 0x00000006c6900000, 0x000000076ab00000)
  object space 107520K, 56% used [0x00000006c0000000,0x00000006c3bc8ac8,0x00000006c6900000)
 Metaspace       used 89902K, capacity 97810K, committed 98048K, reserved 1134592K
  class space    used 10914K, capacity 13212K, committed 13312K, reserved 1048576K
}
Event: 480.612 GC heap before
{Heap before GC invocations=20 (full 3):
 PSYoungGen      total 182784K, used 139017K [0x000000076ab00000, 0x0000000778a00000, 0x00000007c0000000)
  eden space 163840K, 73% used [0x000000076ab00000,0x000000077208e108,0x0000000774b00000)
  from space 18944K, 98% used [0x0000000777780000,0x00000007789b4518,0x0000000778a00000)
  to   space 29184K, 0% used [0x0000000775100000,0x0000000775100000,0x0000000776d80000)
 ParOldGen       total 107520K, used 61218K [0x00000006c0000000, 0x00000006c6900000, 0x000000076ab00000)
  object space 107520K, 56% used [0x00000006c0000000,0x00000006c3bc8ac8,0x00000006c6900000)
 Metaspace       used 90483K, capacity 98290K, committed 98380K, reserved 1134592K
  class space    used 10939K, capacity 13244K, committed 13312K, reserved 1048576K
Event: 480.621 GC heap after
Heap after GC invocations=20 (full 3):
 PSYoungGen      total 176128K, used 18416K [0x000000076ab00000, 0x0000000777e00000, 0x00000007c0000000)
  eden space 157696K, 0% used [0x000000076ab00000,0x000000076ab00000,0x0000000774500000)
  from space 18432K, 99% used [0x0000000775100000,0x00000007762fc390,0x0000000776300000)
  to   space 27648K, 0% used [0x0000000776300000,0x0000000776300000,0x0000000777e00000)
 ParOldGen       total 107520K, used 61226K [0x00000006c0000000, 0x00000006c6900000, 0x000000076ab00000)
  object space 107520K, 56% used [0x00000006c0000000,0x00000006c3bcaac8,0x00000006c6900000)
 Metaspace       used 90483K, capacity 98290K, committed 98380K, reserved 1134592K
  class space    used 10939K, capacity 13244K, committed 13312K, reserved 1048576K
}
Event: 480.621 GC heap before
{Heap before GC invocations=21 (full 4):
 PSYoungGen      total 176128K, used 18416K [0x000000076ab00000, 0x0000000777e00000, 0x00000007c0000000)
  eden space 157696K, 0% used [0x000000076ab00000,0x000000076ab00000,0x0000000774500000)
  from space 18432K, 99% used [0x0000000775100000,0x00000007762fc390,0x0000000776300000)
  to   space 27648K, 0% used [0x0000000776300000,0x0000000776300000,0x0000000777e00000)
 ParOldGen       total 107520K, used 61226K [0x00000006c0000000, 0x00000006c6900000, 0x000000076ab00000)
  object space 107520K, 56% used [0x00000006c0000000,0x00000006c3bcaac8,0x00000006c6900000)
 Metaspace       used 90483K, capacity 98290K, committed 98380K, reserved 1134592K
  class space    used 10939K, capacity 13244K, committed 13312K, reserved 1048576K
Event: 480.721 GC heap after
Heap after GC invocations=21 (full 4):
 PSYoungGen      total 176128K, used 0K [0x000000076ab00000, 0x0000000777e00000, 0x00000007c0000000)
  eden space 157696K, 0% used [0x000000076ab00000,0x000000076ab00000,0x0000000774500000)
  from space 18432K, 0% used [0x0000000775100000,0x0000000775100000,0x0000000776300000)
  to   space 27648K, 0% used [0x0000000776300000,0x0000000776300000,0x0000000777e00000)
 ParOldGen       total 152064K, used 56327K [0x00000006c0000000, 0x00000006c9480000, 0x000000076ab00000)
  object space 152064K, 37% used [0x00000006c0000000,0x00000006c3701da8,0x00000006c9480000)
 Metaspace       used 90483K, capacity 98290K, committed 98380K, reserved 1134592K
  class space    used 10939K, capacity 13244K, committed 13312K, reserved 1048576K
}

